Watching for file changes with StatReloader
テストログ: info
/app/temples/api/views.py changed, reloading.
Watching for file changes with StatReloader
/app/temples/api/views.py changed, reloading.
Watching for file changes with StatReloader
/app/temples/api/views.py changed, reloading.
Watching for file changes with StatReloader
/app/shrine_project/settings.py changed, reloading.
Watching for file changes with StatReloader
/app/temples/api/views.py changed, reloading.
Watching for file changes with StatReloader
/app/temples/api/views.py changed, reloading.
Watching for file changes with StatReloader
/app/temples/api/views.py changed, reloading.
Watching for file changes with StatReloader
/app/temples/api/views.py changed, reloading.
Watching for file changes with StatReloader
Watching for file changes with StatReloader
Watching for file changes with StatReloader
/app/shrine_project/settings.py changed, reloading.
Watching for file changes with StatReloader
Watching for file changes with StatReloader
Unauthorized: /shrines/1/favorite/
Unauthorized: /shrines/1/favorite/
/app/temples/api/views.py changed, reloading.
Watching for file changes with StatReloader
/app/temples/api/views.py changed, reloading.
Watching for file changes with StatReloader
/app/temples/api/views.py changed, reloading.
Watching for file changes with StatReloader
/app/temples/api/views.py changed, reloading.
Watching for file changes with StatReloader
/app/temples/api/views.py changed, reloading.
Watching for file changes with StatReloader
/app/temples/api/views.py changed, reloading.
Watching for file changes with StatReloader
/app/temples/api/views.py changed, reloading.
Watching for file changes with StatReloader
/app/temples/api/views.py changed, reloading.
Watching for file changes with StatReloader
/app/temples/api/views.py changed, reloading.
Watching for file changes with StatReloader
/app/temples/api/views.py changed, reloading.
Watching for file changes with StatReloader
/app/temples/api/views.py changed, reloading.
Watching for file changes with StatReloader
/app/temples/api/views.py changed, reloading.
Watching for file changes with StatReloader
/app/temples/api/views.py changed, reloading.
Watching for file changes with StatReloader
/app/temples/api/views.py changed, reloading.
Watching for file changes with StatReloader
/app/temples/api/views.py changed, reloading.
Watching for file changes with StatReloader
/app/temples/api/views.py changed, reloading.
Watching for file changes with StatReloader
/app/temples/api/views.py changed, reloading.
Watching for file changes with StatReloader
/app/temples/api/views.py changed, reloading.
Watching for file changes with StatReloader
/app/temples/api/views.py changed, reloading.
Watching for file changes with StatReloader
/app/temples/api/views.py changed, reloading.
Watching for file changes with StatReloader
/app/temples/api/views.py changed, reloading.
Watching for file changes with StatReloader
/app/temples/api/views.py changed, reloading.
Watching for file changes with StatReloader
/app/temples/api/views.py changed, reloading.
Watching for file changes with StatReloader
/app/temples/api/views.py changed, reloading.
Watching for file changes with StatReloader
/app/temples/api/views.py changed, reloading.
Watching for file changes with StatReloader
/app/temples/api/views.py changed, reloading.
Watching for file changes with StatReloader
/app/temples/api/views.py changed, reloading.
Watching for file changes with StatReloader
/app/temples/api/views.py changed, reloading.
Watching for file changes with StatReloader
/app/temples/api/views.py changed, reloading.
Watching for file changes with StatReloader
/app/temples/api/views.py changed, reloading.
Watching for file changes with StatReloader
/app/temples/api/views.py changed, reloading.
Watching for file changes with StatReloader
/app/temples/api/views.py changed, reloading.
Watching for file changes with StatReloader
/app/temples/api/views.py changed, reloading.
Watching for file changes with StatReloader
/app/temples/api/views.py changed, reloading.
Watching for file changes with StatReloader
/app/temples/api/views.py changed, reloading.
Watching for file changes with StatReloader
/app/temples/api/views.py changed, reloading.
Watching for file changes with StatReloader
/app/temples/api/views.py changed, reloading.
Watching for file changes with StatReloader
/app/temples/api/views.py changed, reloading.
Watching for file changes with StatReloader
/app/temples/api/views.py changed, reloading.
Watching for file changes with StatReloader
/app/temples/api/views.py changed, reloading.
Watching for file changes with StatReloader
Unauthorized: /shrines/1/favorite/
/app/temples/api/views.py changed, reloading.
Watching for file changes with StatReloader
/app/temples/api/views.py changed, reloading.
Watching for file changes with StatReloader
/app/temples/api/views.py changed, reloading.
Watching for file changes with StatReloader
/app/temples/api/views.py changed, reloading.
Watching for file changes with StatReloader
Watching for file changes with StatReloader
/app/temples/models.py changed, reloading.
Watching for file changes with StatReloader
/app/shrine_project/settings.py changed, reloading.
Watching for file changes with StatReloader
/app/shrine_project/settings.py changed, reloading.
Watching for file changes with StatReloader
/app/shrine_project/settings.py changed, reloading.
Watching for file changes with StatReloader
/app/shrine_project/settings.py changed, reloading.
Watching for file changes with StatReloader
/app/shrine_project/settings.py changed, reloading.
Watching for file changes with StatReloader
/app/shrine_project/settings.py changed, reloading.
Watching for file changes with StatReloader
/app/shrine_project/settings.py changed, reloading.
Watching for file changes with StatReloader
/app/shrine_project/settings.py changed, reloading.
Watching for file changes with StatReloader
/app/manage.py changed, reloading.
Watching for file changes with StatReloader
/app/manage.py changed, reloading.
Watching for file changes with StatReloader
/app/shrine_project/settings.py changed, reloading.
Watching for file changes with StatReloader
/app/shrine_project/settings.py changed, reloading.
Watching for file changes with StatReloader
/app/shrine_project/settings.py changed, reloading.
Watching for file changes with StatReloader
/app/shrine_project/settings.py changed, reloading.
Watching for file changes with StatReloader
/app/shrine_project/settings.py changed, reloading.
Watching for file changes with StatReloader
/app/temples/models.py changed, reloading.
Watching for file changes with StatReloader
Not Found: /temples/api/token/
Watching for file changes with StatReloader
Not Found: /admin/temples/goriyakutag/
/app/temples/admin.py changed, reloading.
Watching for file changes with StatReloader
/app/temples/admin.py changed, reloading.
Watching for file changes with StatReloader
/app/temples/admin.py changed, reloading.
Watching for file changes with StatReloader
Watching for file changes with StatReloader
Not Found: /admin/temples/goriyaku\u30bf\u30b0/
/app/temples/serializers.py changed, reloading.
Watching for file changes with StatReloader
/app/temples/serializers.py changed, reloading.
Watching for file changes with StatReloader
/app/temples/urls.py changed, reloading.
Watching for file changes with StatReloader
/app/temples/urls.py changed, reloading.
Watching for file changes with StatReloader
/app/temples/api/views.py changed, reloading.
Watching for file changes with StatReloader
/app/temples/api/views.py changed, reloading.
Watching for file changes with StatReloader
/app/temples/api/views.py changed, reloading.
Watching for file changes with StatReloader
/app/temples/api/views.py changed, reloading.
Watching for file changes with StatReloader
/app/temples/api/views.py changed, reloading.
Watching for file changes with StatReloader
/app/temples/api/views.py changed, reloading.
Watching for file changes with StatReloader
/app/temples/api/views.py changed, reloading.
Watching for file changes with StatReloader
/app/temples/api/views.py changed, reloading.
Watching for file changes with StatReloader
/app/temples/api/views.py changed, reloading.
Watching for file changes with StatReloader
/app/temples/api/views.py changed, reloading.
Watching for file changes with StatReloader
/app/temples/api/views.py changed, reloading.
Watching for file changes with StatReloader
/app/temples/api/views.py changed, reloading.
Watching for file changes with StatReloader
/app/temples/api/views.py changed, reloading.
Watching for file changes with StatReloader
/app/temples/api/views.py changed, reloading.
Watching for file changes with StatReloader
/app/temples/api/views.py changed, reloading.
Watching for file changes with StatReloader
/app/temples/api/views.py changed, reloading.
Watching for file changes with StatReloader
/app/temples/api/views.py changed, reloading.
Watching for file changes with StatReloader
/app/temples/api/views.py changed, reloading.
Watching for file changes with StatReloader
/app/temples/api/views.py changed, reloading.
Watching for file changes with StatReloader
/app/temples/api/views.py changed, reloading.
Watching for file changes with StatReloader
/app/temples/api/views.py changed, reloading.
Watching for file changes with StatReloader
/app/temples/api/views.py changed, reloading.
Watching for file changes with StatReloader
/app/temples/api/views.py changed, reloading.
Watching for file changes with StatReloader
/app/temples/api/views.py changed, reloading.
Watching for file changes with StatReloader
/app/temples/api/views.py changed, reloading.
Watching for file changes with StatReloader
/app/temples/api/views.py changed, reloading.
Watching for file changes with StatReloader
/app/temples/api/views.py changed, reloading.
Watching for file changes with StatReloader
/app/temples/api/views.py changed, reloading.
Watching for file changes with StatReloader
/app/temples/api/views.py changed, reloading.
Watching for file changes with StatReloader
/app/temples/api/views.py changed, reloading.
Watching for file changes with StatReloader
/app/temples/api/views.py changed, reloading.
Watching for file changes with StatReloader
/app/temples/api/views.py changed, reloading.
Watching for file changes with StatReloader
/app/temples/api/views.py changed, reloading.
Watching for file changes with StatReloader
/app/temples/api/views.py changed, reloading.
Watching for file changes with StatReloader
/app/temples/api/views.py changed, reloading.
Watching for file changes with StatReloader
/app/temples/api/views.py changed, reloading.
Watching for file changes with StatReloader
/app/temples/api/views.py changed, reloading.
Watching for file changes with StatReloader
/app/temples/api/views.py changed, reloading.
Watching for file changes with StatReloader
/app/temples/api/views.py changed, reloading.
Watching for file changes with StatReloader
/app/temples/api/views.py changed, reloading.
Watching for file changes with StatReloader
/app/temples/api/views.py changed, reloading.
Watching for file changes with StatReloader
/app/temples/api/views.py changed, reloading.
Watching for file changes with StatReloader
/app/temples/api/views.py changed, reloading.
Watching for file changes with StatReloader
/app/temples/api/views.py changed, reloading.
Watching for file changes with StatReloader
/app/temples/api/views.py changed, reloading.
Watching for file changes with StatReloader
Watching for file changes with StatReloader
/app/temples/api/views.py changed, reloading.
Watching for file changes with StatReloader
/app/temples/api/views.py changed, reloading.
Watching for file changes with StatReloader
/app/temples/api/views.py changed, reloading.
Watching for file changes with StatReloader
/app/temples/api/views.py changed, reloading.
Watching for file changes with StatReloader
/app/temples/api/views.py changed, reloading.
Watching for file changes with StatReloader
/app/temples/api/views.py changed, reloading.
Watching for file changes with StatReloader
/app/temples/api/views.py changed, reloading.
Watching for file changes with StatReloader
/app/temples/api/views.py changed, reloading.
Watching for file changes with StatReloader
/app/temples/api/views.py changed, reloading.
Watching for file changes with StatReloader
/app/temples/api/views.py changed, reloading.
Watching for file changes with StatReloader
/app/temples/api/views.py changed, reloading.
Watching for file changes with StatReloader
/app/temples/api/views.py changed, reloading.
Watching for file changes with StatReloader
/app/temples/api/views.py changed, reloading.
Watching for file changes with StatReloader
/app/temples/api/views.py changed, reloading.
Watching for file changes with StatReloader
/app/temples/api/views.py changed, reloading.
Watching for file changes with StatReloader
/app/temples/api/views.py changed, reloading.
Watching for file changes with StatReloader
/app/temples/api/views.py changed, reloading.
Watching for file changes with StatReloader
/app/temples/api/views.py changed, reloading.
Watching for file changes with StatReloader
/app/temples/api/views.py changed, reloading.
Watching for file changes with StatReloader
/app/temples/api/views.py changed, reloading.
Watching for file changes with StatReloader
/app/temples/api/views.py changed, reloading.
Watching for file changes with StatReloader
Watching for file changes with StatReloader
明治神宮: 1824.6928317060585m
伏見稲荷大社: 364550.3094791691m
明治神宮: 1824.6928317060585m
伏見稲荷大社: 364550.3094791691m
Watching for file changes with StatReloader
/app/temples/urls.py changed, reloading.
Watching for file changes with StatReloader
/app/temples/urls.py changed, reloading.
Watching for file changes with StatReloader
/app/temples/views.py changed, reloading.
Watching for file changes with StatReloader
/app/temples/views.py changed, reloading.
Watching for file changes with StatReloader
/app/temples/views.py changed, reloading.
Watching for file changes with StatReloader
/app/temples/views.py changed, reloading.
Watching for file changes with StatReloader
/app/temples/views.py changed, reloading.
Watching for file changes with StatReloader
/app/temples/views.py changed, reloading.
Watching for file changes with StatReloader
/app/temples/views.py changed, reloading.
Watching for file changes with StatReloader
/app/temples/views.py changed, reloading.
Watching for file changes with StatReloader
Watching for file changes with StatReloader
Unauthorized: /api/ranking/
/app/shrine_project/settings.py changed, reloading.
Watching for file changes with StatReloader
/app/shrine_project/settings.py changed, reloading.
Watching for file changes with StatReloader
Watching for file changes with StatReloader
/app/temples/views.py changed, reloading.
Watching for file changes with StatReloader
/app/temples/views.py changed, reloading.
Watching for file changes with StatReloader
Internal Server Error: /api/ranking/
Traceback (most recent call last):
  File "/usr/local/lib/python3.11/site-packages/django/core/handlers/exception.py", line 55, in inner
    response = get_response(request)
               ^^^^^^^^^^^^^^^^^^^^^
  File "/usr/local/lib/python3.11/site-packages/django/core/handlers/base.py", line 197, in _get_response
    response = wrapped_callback(request, *callback_args, **callback_kwargs)
               ^^^^^^^^^^^^^^^^^^^^^^^^^^^^^^^^^^^^^^^^^^^^^^^^^^^^^^^^^^^^
  File "/usr/local/lib/python3.11/site-packages/django/views/decorators/csrf.py", line 65, in _view_wrapper
    return view_func(request, *args, **kwargs)
           ^^^^^^^^^^^^^^^^^^^^^^^^^^^^^^^^^^^
  File "/usr/local/lib/python3.11/site-packages/django/views/generic/base.py", line 105, in view
    return self.dispatch(request, *args, **kwargs)
           ^^^^^^^^^^^^^^^^^^^^^^^^^^^^^^^^^^^^^^^
  File "/usr/local/lib/python3.11/site-packages/rest_framework/views.py", line 515, in dispatch
    response = self.handle_exception(exc)
               ^^^^^^^^^^^^^^^^^^^^^^^^^^
  File "/usr/local/lib/python3.11/site-packages/rest_framework/views.py", line 475, in handle_exception
    self.raise_uncaught_exception(exc)
  File "/usr/local/lib/python3.11/site-packages/rest_framework/views.py", line 486, in raise_uncaught_exception
    raise exc
  File "/usr/local/lib/python3.11/site-packages/rest_framework/views.py", line 512, in dispatch
    response = handler(request, *args, **kwargs)
               ^^^^^^^^^^^^^^^^^^^^^^^^^^^^^^^^^
  File "/app/temples/views.py", line 69, in get
    Visit.objects.filter(created_at__gte=last_30_days)
  File "/usr/local/lib/python3.11/site-packages/django/db/models/manager.py", line 87, in manager_method
    return getattr(self.get_queryset(), name)(*args, **kwargs)
           ^^^^^^^^^^^^^^^^^^^^^^^^^^^^^^^^^^^^^^^^^^^^^^^^^^^
  File "/usr/local/lib/python3.11/site-packages/django/db/models/query.py", line 1493, in filter
    return self._filter_or_exclude(False, args, kwargs)
           ^^^^^^^^^^^^^^^^^^^^^^^^^^^^^^^^^^^^^^^^^^^^
  File "/usr/local/lib/python3.11/site-packages/django/db/models/query.py", line 1511, in _filter_or_exclude
    clone._filter_or_exclude_inplace(negate, args, kwargs)
  File "/usr/local/lib/python3.11/site-packages/django/db/models/query.py", line 1518, in _filter_or_exclude_inplace
    self._query.add_q(Q(*args, **kwargs))
  File "/usr/local/lib/python3.11/site-packages/django/db/models/sql/query.py", line 1646, in add_q
    clause, _ = self._add_q(q_object, can_reuse)
                ^^^^^^^^^^^^^^^^^^^^^^^^^^^^^^^^
  File "/usr/local/lib/python3.11/site-packages/django/db/models/sql/query.py", line 1678, in _add_q
    child_clause, needed_inner = self.build_filter(
                                 ^^^^^^^^^^^^^^^^^^
  File "/usr/local/lib/python3.11/site-packages/django/db/models/sql/query.py", line 1526, in build_filter
    lookups, parts, reffed_expression = self.solve_lookup_type(arg, summarize)
                                        ^^^^^^^^^^^^^^^^^^^^^^^^^^^^^^^^^^^^^^
  File "/usr/local/lib/python3.11/site-packages/django/db/models/sql/query.py", line 1333, in solve_lookup_type
    _, field, _, lookup_parts = self.names_to_path(lookup_splitted, self.get_meta())
                                ^^^^^^^^^^^^^^^^^^^^^^^^^^^^^^^^^^^^^^^^^^^^^^^^^^^^
  File "/usr/local/lib/python3.11/site-packages/django/db/models/sql/query.py", line 1805, in names_to_path
    raise FieldError(
django.core.exceptions.FieldError: Cannot resolve keyword 'created_at' into field. Choices are: id, note, shrine, shrine_id, status, user, user_id, visited_at
Watching for file changes with StatReloader
Internal Server Error: /api/ranking/
Traceback (most recent call last):
  File "/usr/local/lib/python3.11/site-packages/django/core/handlers/exception.py", line 55, in inner
    response = get_response(request)
               ^^^^^^^^^^^^^^^^^^^^^
  File "/usr/local/lib/python3.11/site-packages/django/core/handlers/base.py", line 197, in _get_response
    response = wrapped_callback(request, *callback_args, **callback_kwargs)
               ^^^^^^^^^^^^^^^^^^^^^^^^^^^^^^^^^^^^^^^^^^^^^^^^^^^^^^^^^^^^
  File "/usr/local/lib/python3.11/site-packages/django/views/decorators/csrf.py", line 65, in _view_wrapper
    return view_func(request, *args, **kwargs)
           ^^^^^^^^^^^^^^^^^^^^^^^^^^^^^^^^^^^
  File "/usr/local/lib/python3.11/site-packages/django/views/generic/base.py", line 105, in view
    return self.dispatch(request, *args, **kwargs)
           ^^^^^^^^^^^^^^^^^^^^^^^^^^^^^^^^^^^^^^^
  File "/usr/local/lib/python3.11/site-packages/rest_framework/views.py", line 515, in dispatch
    response = self.handle_exception(exc)
               ^^^^^^^^^^^^^^^^^^^^^^^^^^
  File "/usr/local/lib/python3.11/site-packages/rest_framework/views.py", line 475, in handle_exception
    self.raise_uncaught_exception(exc)
  File "/usr/local/lib/python3.11/site-packages/rest_framework/views.py", line 486, in raise_uncaught_exception
    raise exc
  File "/usr/local/lib/python3.11/site-packages/rest_framework/views.py", line 512, in dispatch
    response = handler(request, *args, **kwargs)
               ^^^^^^^^^^^^^^^^^^^^^^^^^^^^^^^^^
  File "/app/temples/views.py", line 69, in get
    Visit.objects.filter(created_at__gte=last_30_days)
  File "/usr/local/lib/python3.11/site-packages/django/db/models/manager.py", line 87, in manager_method
    return getattr(self.get_queryset(), name)(*args, **kwargs)
           ^^^^^^^^^^^^^^^^^^^^^^^^^^^^^^^^^^^^^^^^^^^^^^^^^^^
  File "/usr/local/lib/python3.11/site-packages/django/db/models/query.py", line 1493, in filter
    return self._filter_or_exclude(False, args, kwargs)
           ^^^^^^^^^^^^^^^^^^^^^^^^^^^^^^^^^^^^^^^^^^^^
  File "/usr/local/lib/python3.11/site-packages/django/db/models/query.py", line 1511, in _filter_or_exclude
    clone._filter_or_exclude_inplace(negate, args, kwargs)
  File "/usr/local/lib/python3.11/site-packages/django/db/models/query.py", line 1518, in _filter_or_exclude_inplace
    self._query.add_q(Q(*args, **kwargs))
  File "/usr/local/lib/python3.11/site-packages/django/db/models/sql/query.py", line 1646, in add_q
    clause, _ = self._add_q(q_object, can_reuse)
                ^^^^^^^^^^^^^^^^^^^^^^^^^^^^^^^^
  File "/usr/local/lib/python3.11/site-packages/django/db/models/sql/query.py", line 1678, in _add_q
    child_clause, needed_inner = self.build_filter(
                                 ^^^^^^^^^^^^^^^^^^
  File "/usr/local/lib/python3.11/site-packages/django/db/models/sql/query.py", line 1526, in build_filter
    lookups, parts, reffed_expression = self.solve_lookup_type(arg, summarize)
                                        ^^^^^^^^^^^^^^^^^^^^^^^^^^^^^^^^^^^^^^
  File "/usr/local/lib/python3.11/site-packages/django/db/models/sql/query.py", line 1333, in solve_lookup_type
    _, field, _, lookup_parts = self.names_to_path(lookup_splitted, self.get_meta())
                                ^^^^^^^^^^^^^^^^^^^^^^^^^^^^^^^^^^^^^^^^^^^^^^^^^^^^
  File "/usr/local/lib/python3.11/site-packages/django/db/models/sql/query.py", line 1805, in names_to_path
    raise FieldError(
django.core.exceptions.FieldError: Cannot resolve keyword 'created_at' into field. Choices are: id, note, shrine, shrine_id, status, user, user_id, visited_at
Watching for file changes with StatReloader
Watching for file changes with StatReloader
Watching for file changes with StatReloader
Internal Server Error: /api/ranking/
Traceback (most recent call last):
  File "/usr/local/lib/python3.11/site-packages/django/core/handlers/exception.py", line 55, in inner
    response = get_response(request)
               ^^^^^^^^^^^^^^^^^^^^^
  File "/usr/local/lib/python3.11/site-packages/django/core/handlers/base.py", line 197, in _get_response
    response = wrapped_callback(request, *callback_args, **callback_kwargs)
               ^^^^^^^^^^^^^^^^^^^^^^^^^^^^^^^^^^^^^^^^^^^^^^^^^^^^^^^^^^^^
  File "/usr/local/lib/python3.11/site-packages/django/views/decorators/csrf.py", line 65, in _view_wrapper
    return view_func(request, *args, **kwargs)
           ^^^^^^^^^^^^^^^^^^^^^^^^^^^^^^^^^^^
  File "/usr/local/lib/python3.11/site-packages/django/views/generic/base.py", line 105, in view
    return self.dispatch(request, *args, **kwargs)
           ^^^^^^^^^^^^^^^^^^^^^^^^^^^^^^^^^^^^^^^
  File "/usr/local/lib/python3.11/site-packages/rest_framework/views.py", line 515, in dispatch
    response = self.handle_exception(exc)
               ^^^^^^^^^^^^^^^^^^^^^^^^^^
  File "/usr/local/lib/python3.11/site-packages/rest_framework/views.py", line 475, in handle_exception
    self.raise_uncaught_exception(exc)
  File "/usr/local/lib/python3.11/site-packages/rest_framework/views.py", line 486, in raise_uncaught_exception
    raise exc
  File "/usr/local/lib/python3.11/site-packages/rest_framework/views.py", line 512, in dispatch
    response = handler(request, *args, **kwargs)
               ^^^^^^^^^^^^^^^^^^^^^^^^^^^^^^^^^
  File "/app/temples/views.py", line 69, in get
    Visit.objects.filter(created_at__gte=last_30_days)
  File "/usr/local/lib/python3.11/site-packages/django/db/models/manager.py", line 87, in manager_method
    return getattr(self.get_queryset(), name)(*args, **kwargs)
           ^^^^^^^^^^^^^^^^^^^^^^^^^^^^^^^^^^^^^^^^^^^^^^^^^^^
  File "/usr/local/lib/python3.11/site-packages/django/db/models/query.py", line 1493, in filter
    return self._filter_or_exclude(False, args, kwargs)
           ^^^^^^^^^^^^^^^^^^^^^^^^^^^^^^^^^^^^^^^^^^^^
  File "/usr/local/lib/python3.11/site-packages/django/db/models/query.py", line 1511, in _filter_or_exclude
    clone._filter_or_exclude_inplace(negate, args, kwargs)
  File "/usr/local/lib/python3.11/site-packages/django/db/models/query.py", line 1518, in _filter_or_exclude_inplace
    self._query.add_q(Q(*args, **kwargs))
  File "/usr/local/lib/python3.11/site-packages/django/db/models/sql/query.py", line 1646, in add_q
    clause, _ = self._add_q(q_object, can_reuse)
                ^^^^^^^^^^^^^^^^^^^^^^^^^^^^^^^^
  File "/usr/local/lib/python3.11/site-packages/django/db/models/sql/query.py", line 1678, in _add_q
    child_clause, needed_inner = self.build_filter(
                                 ^^^^^^^^^^^^^^^^^^
  File "/usr/local/lib/python3.11/site-packages/django/db/models/sql/query.py", line 1526, in build_filter
    lookups, parts, reffed_expression = self.solve_lookup_type(arg, summarize)
                                        ^^^^^^^^^^^^^^^^^^^^^^^^^^^^^^^^^^^^^^
  File "/usr/local/lib/python3.11/site-packages/django/db/models/sql/query.py", line 1333, in solve_lookup_type
    _, field, _, lookup_parts = self.names_to_path(lookup_splitted, self.get_meta())
                                ^^^^^^^^^^^^^^^^^^^^^^^^^^^^^^^^^^^^^^^^^^^^^^^^^^^^
  File "/usr/local/lib/python3.11/site-packages/django/db/models/sql/query.py", line 1805, in names_to_path
    raise FieldError(
django.core.exceptions.FieldError: Cannot resolve keyword 'created_at' into field. Choices are: id, note, shrine, shrine_id, status, user, user_id, visited_at
Watching for file changes with StatReloader
Watching for file changes with StatReloader
Watching for file changes with StatReloader
Watching for file changes with StatReloader
Watching for file changes with StatReloader
Watching for file changes with StatReloader
Watching for file changes with StatReloader
Watching for file changes with StatReloader
/app/shrine_project/settings.py changed, reloading.
Watching for file changes with StatReloader
Watching for file changes with StatReloader
Internal Server Error: /api/ranking/
Traceback (most recent call last):
  File "/usr/local/lib/python3.11/site-packages/django/core/handlers/exception.py", line 55, in inner
    response = get_response(request)
               ^^^^^^^^^^^^^^^^^^^^^
  File "/usr/local/lib/python3.11/site-packages/django/core/handlers/base.py", line 197, in _get_response
    response = wrapped_callback(request, *callback_args, **callback_kwargs)
               ^^^^^^^^^^^^^^^^^^^^^^^^^^^^^^^^^^^^^^^^^^^^^^^^^^^^^^^^^^^^
  File "/usr/local/lib/python3.11/site-packages/django/views/decorators/csrf.py", line 65, in _view_wrapper
    return view_func(request, *args, **kwargs)
           ^^^^^^^^^^^^^^^^^^^^^^^^^^^^^^^^^^^
  File "/usr/local/lib/python3.11/site-packages/django/views/generic/base.py", line 105, in view
    return self.dispatch(request, *args, **kwargs)
           ^^^^^^^^^^^^^^^^^^^^^^^^^^^^^^^^^^^^^^^
  File "/usr/local/lib/python3.11/site-packages/rest_framework/views.py", line 515, in dispatch
    response = self.handle_exception(exc)
               ^^^^^^^^^^^^^^^^^^^^^^^^^^
  File "/usr/local/lib/python3.11/site-packages/rest_framework/views.py", line 475, in handle_exception
    self.raise_uncaught_exception(exc)
  File "/usr/local/lib/python3.11/site-packages/rest_framework/views.py", line 486, in raise_uncaught_exception
    raise exc
  File "/usr/local/lib/python3.11/site-packages/rest_framework/views.py", line 512, in dispatch
    response = handler(request, *args, **kwargs)
               ^^^^^^^^^^^^^^^^^^^^^^^^^^^^^^^^^
  File "/app/temples/views.py", line 69, in get
    Visit.objects.filter(created_at__gte=last_30_days)
  File "/usr/local/lib/python3.11/site-packages/django/db/models/manager.py", line 87, in manager_method
    return getattr(self.get_queryset(), name)(*args, **kwargs)
           ^^^^^^^^^^^^^^^^^^^^^^^^^^^^^^^^^^^^^^^^^^^^^^^^^^^
  File "/usr/local/lib/python3.11/site-packages/django/db/models/query.py", line 1493, in filter
    return self._filter_or_exclude(False, args, kwargs)
           ^^^^^^^^^^^^^^^^^^^^^^^^^^^^^^^^^^^^^^^^^^^^
  File "/usr/local/lib/python3.11/site-packages/django/db/models/query.py", line 1511, in _filter_or_exclude
    clone._filter_or_exclude_inplace(negate, args, kwargs)
  File "/usr/local/lib/python3.11/site-packages/django/db/models/query.py", line 1518, in _filter_or_exclude_inplace
    self._query.add_q(Q(*args, **kwargs))
  File "/usr/local/lib/python3.11/site-packages/django/db/models/sql/query.py", line 1646, in add_q
    clause, _ = self._add_q(q_object, can_reuse)
                ^^^^^^^^^^^^^^^^^^^^^^^^^^^^^^^^
  File "/usr/local/lib/python3.11/site-packages/django/db/models/sql/query.py", line 1678, in _add_q
    child_clause, needed_inner = self.build_filter(
                                 ^^^^^^^^^^^^^^^^^^
  File "/usr/local/lib/python3.11/site-packages/django/db/models/sql/query.py", line 1526, in build_filter
    lookups, parts, reffed_expression = self.solve_lookup_type(arg, summarize)
                                        ^^^^^^^^^^^^^^^^^^^^^^^^^^^^^^^^^^^^^^
  File "/usr/local/lib/python3.11/site-packages/django/db/models/sql/query.py", line 1333, in solve_lookup_type
    _, field, _, lookup_parts = self.names_to_path(lookup_splitted, self.get_meta())
                                ^^^^^^^^^^^^^^^^^^^^^^^^^^^^^^^^^^^^^^^^^^^^^^^^^^^^
  File "/usr/local/lib/python3.11/site-packages/django/db/models/sql/query.py", line 1805, in names_to_path
    raise FieldError(
django.core.exceptions.FieldError: Cannot resolve keyword 'created_at' into field. Choices are: id, note, shrine, shrine_id, status, user, user_id, visited_at
/app/temples/views.py changed, reloading.
Watching for file changes with StatReloader
/app/temples/views.py changed, reloading.
Watching for file changes with StatReloader
/app/temples/views.py changed, reloading.
Watching for file changes with StatReloader
/app/temples/views.py changed, reloading.
Watching for file changes with StatReloader
Watching for file changes with StatReloader
Not Found: /.well-known/appspecific/com.chrome.devtools.json
Watching for file changes with StatReloader
